Determining if the pthread_create exist failed with the following output:
Change Dir: /home/ps/th/py/elem/add/build/CMakeFiles/CMakeTmp

Run Build Command:"/usr/bin/ninja" "cmTC_351ea"
[1/2] Building C object CMakeFiles/cmTC_351ea.dir/CheckSymbolExists.c.o
[2/2] Linking C executable cmTC_351ea
FAILED: cmTC_351ea 
: && /usr/bin/cc   -rdynamic CMakeFiles/cmTC_351ea.dir/CheckSymbolExists.c.o  -o cmTC_351ea   && :
CMakeFiles/cmTC_351ea.dir/CheckSymbolExists.c.o: In function `main':
CheckSymbolExists.c:(.text+0x1b): undefined reference to `pthread_create'
collect2: error: ld returned 1 exit status
ninja: build stopped: subcommand failed.

File /home/ps/th/py/elem/add/build/CMakeFiles/CMakeTmp/CheckSymbolExists.c:
/* */
#include <pthread.h>

int main(int argc, char** argv)
{
  (void)argv;
#ifndef pthread_create
  return ((int*)(&pthread_create))[argc];
#else
  (void)argc;
  return 0;
#endif
}

Determining if the function pthread_create exists in the pthreads failed with the following output:
Change Dir: /home/ps/th/py/elem/add/build/CMakeFiles/CMakeTmp

Run Build Command:"/usr/bin/ninja" "cmTC_3a4bc"
[1/2] Building C object CMakeFiles/cmTC_3a4bc.dir/CheckFunctionExists.c.o
[2/2] Linking C executable cmTC_3a4bc
FAILED: cmTC_3a4bc 
: && /usr/bin/cc -DCHECK_FUNCTION_EXISTS=pthread_create  -rdynamic CMakeFiles/cmTC_3a4bc.dir/CheckFunctionExists.c.o  -o cmTC_3a4bc  -lpthreads && :
/usr/bin/ld: cannot find -lpthreads
collect2: error: ld returned 1 exit status
ninja: build stopped: subcommand failed.


